<?xml version="1.0" encoding="UTF-8"?>
<!-- Generated by org.testng.reporters.JUnitReportReporter -->
<testsuite hostname="LAPTOP-MB7DGVQG" failures="0" tests="2" name="com.July2024.v100.SearchTest" time="4.297" errors="0" timestamp="2024-07-14T12:28:29 IST" skipped="0">
  <testcase classname="com.July2024.v100.SearchTest" name="f" time="2.228"/>
  <testcase classname="com.July2024.v100.SearchTest" name="QA" time="2.069"/>
</testsuite> <!-- com.July2024.v100.SearchTest -->
